<?xml version="1.0" encoding="utf-8"?><testsuites><testsuite errors="0" failures="0" hostname="Addams" name="pytest" skipped="0" tests="1" time="21.288" timestamp="2020-03-22T22:08:49.090852"><testcase classname="" file="\\diskstation\home\Documents\Projects\web_price_scraper\tests\test_parse_shop_item_page.py" line="2" name="test_get_shop_name" time="0.002"></testcase></testsuite></testsuites>